2023-02-27 23:10:31 - Starting C:\Program Files\nodejs\node.exe  --harmony D:\xampp\htdocs\Resturant_v1\node_modules\node-windows\lib\wrapper.js --file D:\xampp\htdocs\Resturant_v1\server.js --scriptoptions= --log "nodeService wrapper" --grow 0.25 --wait 1 --maxrestarts 3 --abortonerror n --stopparentfirst undefined
2023-02-27 23:10:31 - Started 344
2023-02-27 23:11:42 - Stopping nodeservice.exe
2023-02-27 23:11:42 - ProcessKill 344
2023-02-27 23:11:42 - Shutdown exception
Message:A system shutdown is in progress.

Stacktrace:   at System.Runtime.InteropServices.Marshal.ThrowExceptionForHRInternal(Int32 errorCode, IntPtr errorInfo)
   at System.Management.ManagementScope.InitializeGuts(Object o)
   at System.Management.ManagementScope.Initialize()
   at System.Management.ManagementObjectSearcher.Initialize()
   at System.Management.ManagementObjectSearcher.Get()
   at winsw.WrapperService.GetChildPids(Int32 pid)
   at winsw.WrapperService.StopProcessAndChildren(Int32 pid)
   at winsw.WrapperService.StopIt()
   at winsw.WrapperService.OnShutdown()
2023-02-27 23:11:59 - Starting C:\Program Files\nodejs\node.exe  --harmony D:\xampp\htdocs\Resturant_v1\node_modules\node-windows\lib\wrapper.js --file D:\xampp\htdocs\Resturant_v1\server.js --scriptoptions= --log "nodeService wrapper" --grow 0.25 --wait 1 --maxrestarts 3 --abortonerror n --stopparentfirst undefined
2023-02-27 23:12:00 - Started 5608
2023-02-28 01:28:28 - Stopping nodeservice.exe
2023-02-28 01:28:28 - ProcessKill 5608
2023-02-28 01:28:29 - Shutdown exception
Message:A system shutdown is in progress.

Stacktrace:   at System.Runtime.InteropServices.Marshal.ThrowExceptionForHRInternal(Int32 errorCode, IntPtr errorInfo)
   at System.Management.ManagementScope.InitializeGuts(Object o)
   at System.Management.ManagementScope.Initialize()
   at System.Management.ManagementObjectSearcher.Initialize()
   at System.Management.ManagementObjectSearcher.Get()
   at winsw.WrapperService.GetChildPids(Int32 pid)
   at winsw.WrapperService.StopProcessAndChildren(Int32 pid)
   at winsw.WrapperService.StopIt()
   at winsw.WrapperService.OnShutdown()
2023-02-28 01:28:47 - Starting C:\Program Files\nodejs\node.exe  --harmony D:\xampp\htdocs\Resturant_v1\node_modules\node-windows\lib\wrapper.js --file D:\xampp\htdocs\Resturant_v1\server.js --scriptoptions= --log "nodeService wrapper" --grow 0.25 --wait 1 --maxrestarts 3 --abortonerror n --stopparentfirst undefined
2023-02-28 01:28:47 - Started 5640
2023-02-28 11:59:14 - Stopping nodeservice.exe
2023-02-28 11:59:14 - ProcessKill 5640
2023-02-28 11:59:14 - Shutdown exception
Message:A system shutdown is in progress.

Stacktrace:   at System.Runtime.InteropServices.Marshal.ThrowExceptionForHRInternal(Int32 errorCode, IntPtr errorInfo)
   at System.Management.ManagementScope.InitializeGuts(Object o)
   at System.Management.ManagementScope.Initialize()
   at System.Management.ManagementObjectSearcher.Initialize()
   at System.Management.ManagementObjectSearcher.Get()
   at winsw.WrapperService.GetChildPids(Int32 pid)
   at winsw.WrapperService.StopProcessAndChildren(Int32 pid)
   at winsw.WrapperService.StopIt()
   at winsw.WrapperService.OnShutdown()
2023-02-28 11:59:34 - Starting C:\Program Files\nodejs\node.exe  --harmony D:\xampp\htdocs\Resturant_v1\node_modules\node-windows\lib\wrapper.js --file D:\xampp\htdocs\Resturant_v1\server.js --scriptoptions= --log "nodeService wrapper" --grow 0.25 --wait 1 --maxrestarts 3 --abortonerror n --stopparentfirst undefined
2023-02-28 11:59:34 - Started 5688
2023-03-02 10:22:23 - Stopping nodeservice.exe
2023-03-02 10:22:23 - ProcessKill 5688
2023-03-02 10:22:23 - Shutdown exception
Message:A system shutdown is in progress.

Stacktrace:   at System.Runtime.InteropServices.Marshal.ThrowExceptionForHRInternal(Int32 errorCode, IntPtr errorInfo)
   at System.Management.ManagementScope.InitializeGuts(Object o)
   at System.Management.ManagementScope.Initialize()
   at System.Management.ManagementObjectSearcher.Initialize()
   at System.Management.ManagementObjectSearcher.Get()
   at winsw.WrapperService.GetChildPids(Int32 pid)
   at winsw.WrapperService.StopProcessAndChildren(Int32 pid)
   at winsw.WrapperService.StopIt()
   at winsw.WrapperService.OnShutdown()
2023-03-02 10:22:41 - Starting C:\Program Files\nodejs\node.exe  --harmony D:\xampp\htdocs\Resturant_v1\node_modules\node-windows\lib\wrapper.js --file D:\xampp\htdocs\Resturant_v1\server.js --scriptoptions= --log "nodeService wrapper" --grow 0.25 --wait 1 --maxrestarts 3 --abortonerror n --stopparentfirst undefined
2023-03-02 10:22:41 - Started 5724
2023-03-08 11:44:42 - Stopping nodeservice.exe
2023-03-08 11:44:42 - ProcessKill 5724
2023-03-08 11:44:42 - Shutdown exception
Message:A system shutdown is in progress.

Stacktrace:   at System.Runtime.InteropServices.Marshal.ThrowExceptionForHRInternal(Int32 errorCode, IntPtr errorInfo)
   at System.Management.ManagementScope.InitializeGuts(Object o)
   at System.Management.ManagementScope.Initialize()
   at System.Management.ManagementObjectSearcher.Initialize()
   at System.Management.ManagementObjectSearcher.Get()
   at winsw.WrapperService.GetChildPids(Int32 pid)
   at winsw.WrapperService.StopProcessAndChildren(Int32 pid)
   at winsw.WrapperService.StopIt()
   at winsw.WrapperService.OnShutdown()
2023-03-08 11:45:04 - Starting C:\Program Files\nodejs\node.exe  --harmony D:\xampp\htdocs\Resturant_v1\node_modules\node-windows\lib\wrapper.js --file D:\xampp\htdocs\Resturant_v1\server.js --scriptoptions= --log "nodeService wrapper" --grow 0.25 --wait 1 --maxrestarts 3 --abortonerror n --stopparentfirst undefined
2023-03-08 11:45:04 - Started 6132
